
          -------------------------------------------------------
          Amber 24 SANDER                              2024
          -------------------------------------------------------

| Run on 03/31/2025 at 17:08:55

|   Executable path: sander.MPI
| Working directory: /home/biophys/QP_exaple/H3O/pacs_q/MDrun/1/3
|          Hostname: Unknown
  [-O]verwriting output

File Assignments:
|  MDIN: ../../../qmmm.in                                                      
| MDOUT: qmmm1_3.out                                                           
|INPCRD: /home/biophys/QP_exaple/H3O/pacs_q/MDrun/0/1/min.rst                  
|  PARM: ../../.././H3O.top                                                    
|RESTRT: qmmm1_3.rst                                                           
|  REFC: /home/biophys/QP_exaple/H3O/pacs_q/MDrun/0/1/min.rst                  
| MDVEL: mdvel                                                                 
| MDFRC: mdfrc                                                                 
|  MDEN: mden                                                                  
| MDCRD: qmmm1_3.nc                                                            
|MDINFO: mdinfo                                                                
|  MTMD: mtmd                                                                  
|INPDIP: inpdip                                                                
|RSTDIP: rstdip                                                                
|INPTRA: inptraj                                                               

|    REMLOG: rem.log
|   REMTYPE: rem.type
|  REMSTRIP: 
|   SAVEENE: saveene
|CLUSTERINF: cluster.info
| RESERVOIR: reserv/frame
|   REMDDIM: 


 Here is the input file:

Short QM/MM simulation                                                         
&cntrl                                                                         
imin=0, nstlim=5,                                                              
ntx=1,                                                                         
irest=0,                                                                       
dt=0.001,                                                                      
ntt=3, tempi=300.0, temp0=300.0,                                               
gamma_ln=2,                                                                    
ntb=2, ntp=1,                                                                  
cut=6.0,                                                                       
ntpr=1,                                                                        
ntwx=1,                                                                        
ntwr=100,                                                                      
iwrap=1,                                                                       
pres0=1.0,                                                                     
barostat=1,                                                                    
ig=-1,                                                                         
ifqnt=1                                                                        
/                                                                              
&qmmm                                                                          
qmmask=':1,151,225',                                                           
qmcharge=1,                                                                    
qm_theory='PM6',                                                               
qmcut=6.0,                                                                     
qmshake=0,                                                                     
writepdb=1,                                                                    
/                                                                              
                                                                               

--------------------------------------------------------------------------------
   1.  RESOURCE   USE: 
--------------------------------------------------------------------------------

| Flags: MPI                                                                    
 getting new box info from bottom of inpcrd
|  INFO: Old style inpcrd file read

| peek_ewald_inpcrd: Box info found
|Largest sphere to fit in unit cell has radius =    13.607
| New format PARM file being parsed.
| Version =    1.000 Date = 03/31/25 Time = 14:08:45
 NATOM  =    2060 NTYPES =       3 NBONH =    2058 MBONA  =       0
 NTHETH =       0 MTHETA =       0 NPHIH =       0 MPHIA  =       0
 NHPARM =       0 NPARM  =       0 NNB   =    2748 NRES   =     687
 NBONA  =       0 NTHETA =       0 NPHIA =       0 NUMBND =       2
 NUMANG =       0 NPTRA  =       0 NATYP =       3 NPHB   =       0
 IFBOX  =       1 NMXRS  =       4 IFCAP =       0 NEXTRA =       0
 NCOPY  =       0


|     Memory Use     Allocated
|     Real              730247
|     Hollerith           6869
|     Integer            66706
|     Max Pairs          39062
|     nblistReal         24720
|     nblist Int        105785
|       Total             6751 kbytes

| Note: 1-4 EEL scale factors are being read from the topology file.

| Note: 1-4 VDW scale factors are being read from the topology file.
| Duplicated    0 dihedrals
| Duplicated    0 dihedrals
LOADING THE QUANTUM ATOMS AS GROUPS
     Mask :1,151,225; matches    10 atoms

     BOX TYPE: RECTILINEAR
Note: ig = -1. Setting random seed to    17846 based on wallclock time in microseconds
      and disabling the synchronization of random numbers between tasks
      to improve performance.

--------------------------------------------------------------------------------
   2.  CONTROL  DATA  FOR  THE  RUN
--------------------------------------------------------------------------------

default_name                                                                    

General flags:
     imin    =       0, nmropt  =       0

Nature and format of input:
     ntx     =       1, irest   =       0, ntrx    =       1

Nature and format of output:
     ntxo    =       2, ntpr    =       1, ntrx    =       1, ntwr    =     100
     iwrap   =       1, ntwx    =       1, ntwv    =       0, ntwe    =       0
     ioutfm  =       1, ntwprt  =       0, idecomp =       0, rbornstat=      0

Potential function:
     ntf     =       1, ntb     =       2, igb     =       0, nsnb    =      25
     ipol    =       0, gbsa    =       0, iesp    =       0
     dielc   =   1.00000, cut     =   6.00000, intdiel =   1.00000

Frozen or restrained atoms:
     ibelly  =       0, ntr     =       0

Molecular dynamics:
     nstlim  =         5, nscm    =      1000, nrespa  =         1
     t       =   0.00000, dt      =   0.00100, vlimit  =  20.00000

Langevin dynamics temperature regulation:
     ig      =   17846
     temp0   = 300.00000, tempi   = 300.00000, gamma_ln=   2.00000

Pressure regulation:
     ntp     =       1
     pres0   =   1.00000, comp    =  44.60000, taup    =   1.00000

Ewald parameters:
     verbose =       0, ew_type =       0, nbflag  =       1, use_pme =       1
     vdwmeth =       1, eedmeth =       1, netfrc  =       1
     Box X =   27.762   Box Y =   27.592   Box Z =   27.213
     Alpha =   90.000   Beta  =   90.000   Gamma =   90.000
     NFFT1 =   30       NFFT2 =   27       NFFT3 =   27
     Cutoff=    6.000   Tol   =0.100E-04
     Ewald Coefficient =  0.47291
     Interpolation order =    4

QMMM options:
             ifqnt = True       nquant =       10
              qmgb =        0  qmcharge =        1   adjust_q =        2
              spin =        1     qmcut =   6.0000    qmshake =        0
          qmmm_int =        1
     lnk_atomic_no =        1   lnk_dis =   1.0900 lnk_method =        1
          qm_theory =     PM6 verbosity =        0
            qmqmdx = Analytical
      tight_p_conv = False (converge density to 0.05xSqrt[SCFCRT])
           scfconv = 0.100E-07  itrmax =     1000
      printcharges = False      printdipole = False      peptide_corr = False
    qmmmrij_incore = True 
  qmqm_erep_incore = True 
       pseudo_diag = True pseudo_diag_criteria =   0.0500
      diag_routine =        0
          qm_ewald =        1 qm_pme = True 
            kmaxqx =    8 kmaxqy =    8 kmaxqz =    8 ksqmaxq =  100

| MPI Timing options:
|      profile_mpi =        0

--------------------------------------------------------------------------------
   3.  ATOMIC COORDINATES AND VELOCITIES
--------------------------------------------------------------------------------

Cpptraj Generated Restart                                                       
 begin time read from input coords =     0.004 ps

 Number of triangulated 3-point waters found:      683
|  Atom division among processors:
|         0      86     173     260     347     434     521     608
|       695     782     869     956    1040    1127    1211    1295
|      1382    1466    1550    1637    1721    1805    1892    1976
|      2060

|QMMM: Running QMMM calculation in parallel mode on   24 threads.
|QMMM: All atom division among threads:
|QMMM:                  Start       End      Count
|QMMM: Thread(   0):        1->      86  (      86)
|QMMM: Thread(   1):       87->     172  (      86)
|QMMM: Thread(   2):      173->     258  (      86)
|QMMM: Thread(   3):      259->     344  (      86)
|QMMM: Thread(   4):      345->     430  (      86)
|QMMM: Thread(   5):      431->     516  (      86)
|QMMM: Thread(   6):      517->     602  (      86)
|QMMM: Thread(   7):      603->     688  (      86)
|QMMM: Thread(   8):      689->     774  (      86)
|QMMM: Thread(   9):      775->     860  (      86)
|QMMM: Thread(  10):      861->     946  (      86)
|QMMM: Thread(  11):      947->    1032  (      86)
|QMMM: Thread(  12):     1033->    1118  (      86)
|QMMM: Thread(  13):     1119->    1204  (      86)
|QMMM: Thread(  14):     1205->    1290  (      86)
|QMMM: Thread(  15):     1291->    1376  (      86)
|QMMM: Thread(  16):     1377->    1462  (      86)
|QMMM: Thread(  17):     1463->    1548  (      86)
|QMMM: Thread(  18):     1549->    1634  (      86)
|QMMM: Thread(  19):     1635->    1720  (      86)
|QMMM: Thread(  20):     1721->    1806  (      86)
|QMMM: Thread(  21):     1807->    1892  (      86)
|QMMM: Thread(  22):     1893->    1978  (      86)
|QMMM: Thread(  23):     1979->    2060  (      82)

|QMMM: Quantum atom + link atom division among threads:
|QMMM:                  Start       End      Count
|QMMM: Thread(   0):        1->       1  (       1)
|QMMM: Thread(   1):        2->       2  (       1)
|QMMM: Thread(   2):        3->       3  (       1)
|QMMM: Thread(   3):        4->       4  (       1)
|QMMM: Thread(   4):        5->       5  (       1)
|QMMM: Thread(   5):        6->       6  (       1)
|QMMM: Thread(   6):        7->       7  (       1)
|QMMM: Thread(   7):        8->       8  (       1)
|QMMM: Thread(   8):        9->       9  (       1)
|QMMM: Thread(   9):       10->      10  (       1)
|QMMM: Thread(  10):       11->      10  (       0)
|QMMM: Thread(  11):       11->      10  (       0)
|QMMM: Thread(  12):       11->      10  (       0)
|QMMM: Thread(  13):       11->      10  (       0)
|QMMM: Thread(  14):       11->      10  (       0)
|QMMM: Thread(  15):       11->      10  (       0)
|QMMM: Thread(  16):       11->      10  (       0)
|QMMM: Thread(  17):       11->      10  (       0)
|QMMM: Thread(  18):       11->      10  (       0)
|QMMM: Thread(  19):       11->      10  (       0)
|QMMM: Thread(  20):       11->      10  (       0)
|QMMM: Thread(  21):       11->      10  (       0)
|QMMM: Thread(  22):       11->      10  (       0)
|QMMM: Thread(  23):       11->      10  (       0)

     Sum of charges from parm topology file =   0.00000000
     Forcing neutrality...
|  Running AMBER/MPI version on   24 nodes

|  WARNING: The number of processors is not a power of 2
|           this may be inefficient on some systems.
QMMM: ADJUSTING CHARGES
QMMM: ----------------------------------------------------------------------
QMMM: adjust_q = 2
QMMM: Uniformly adjusting the charge of MM atoms to conserve total charge.
QMMM:                             qm_charge =    1
QMMM: QM atom RESP charge sum (inc MM link) =    1.000
QMMM: Adjusting each MM atom resp charge by =    0.000
QMMM:          Sum of MM + QM region is now =    0.000
QMMM: ----------------------------------------------------------------------
|  # of SOLUTE  degrees of freedom (RNDFP):    6180.
|  # of SOLVENT degrees of freedom (RNDFS):       0.
|  QMSHAKE_NOSHAKEMASK_OVERLAP =      0
|  NDFMIN =    6180.     NUM_NOSHAKE =      0     CORRECTED RNDFP =    6180.
|  TOTAL # of degrees of freedom (RNDF) =    6180.
 ---------------------------------------------------
 APPROXIMATING switch and d/dx switch using CUBIC SPLINE INTERPOLATION
 using   5000.0 points per unit in tabled values
 TESTING RELATIVE ERROR over r ranging from 0.0 to cutoff
| CHECK switch(x): max rel err =   0.2738E-14   at   2.422500
| CHECK d/dx switch(x): max rel err =   0.8465E-11   at   2.832440
 ---------------------------------------------------
| Local SIZE OF NONBOND LIST =       8676
| TOTAL SIZE OF NONBOND LIST =     215616

|QMMM: KVector division among threads:
|QMMM:                  Start       End      Count
|QMMM: Thread(   0):        1->      80  (      80)
|QMMM: Thread(   1):       81->     160  (      80)
|QMMM: Thread(   2):      161->     240  (      80)
|QMMM: Thread(   3):      241->     320  (      80)
|QMMM: Thread(   4):      321->     400  (      80)
|QMMM: Thread(   5):      401->     480  (      80)
|QMMM: Thread(   6):      481->     560  (      80)
|QMMM: Thread(   7):      561->     640  (      80)
|QMMM: Thread(   8):      641->     720  (      80)
|QMMM: Thread(   9):      721->     800  (      80)
|QMMM: Thread(  10):      801->     880  (      80)
|QMMM: Thread(  11):      881->     960  (      80)
|QMMM: Thread(  12):      961->    1040  (      80)
|QMMM: Thread(  13):     1041->    1120  (      80)
|QMMM: Thread(  14):     1121->    1200  (      80)
|QMMM: Thread(  15):     1201->    1280  (      80)
|QMMM: Thread(  16):     1281->    1360  (      80)
|QMMM: Thread(  17):     1361->    1440  (      80)
|QMMM: Thread(  18):     1441->    1520  (      80)
|QMMM: Thread(  19):     1521->    1600  (      80)
|QMMM: Thread(  20):     1601->    1680  (      80)
|QMMM: Thread(  21):     1681->    1760  (      80)
|QMMM: Thread(  22):     1761->    1840  (      80)
|QMMM: Thread(  23):     1841->    1898  (      58)

QMMM: Link Atom Information
QMMM: ------------------------------------------------------------------------
QMMM: nlink =     0
QMMM: ------------------------------------------------------------------------

  QMMM: QM Region Cartesian Coordinates (*=link atom) 
  QMMM: QM_NO.   MM_NO.  ATOM         X         Y         Z
  QMMM:     1        1      H       -1.0520    0.6608   -1.1880
  QMMM:     2        2      O       -0.9186    0.4951   -2.1298
  QMMM:     3        3      H       -1.2138   -0.5078   -2.4414
  QMMM:     4        4      H       -1.1805    1.2944   -2.7317
  QMMM:     5      450      O       -1.0474    0.1651    0.4418
  QMMM:     6      451      H       -1.7897    0.0149    0.9837
  QMMM:     7      452      H       -0.2453   -0.3553    0.9633
  QMMM:     8      672      O        1.2223   -1.0262    1.8301
  QMMM:     9      673      H        0.8924   -1.2944    2.7317
  QMMM:    10      674      H        1.7897   -0.2025    1.9696

--------------------------------------------------------------------------------
  3.1 QM CALCULATION INFO
--------------------------------------------------------------------------------

| QMMM: Citation for AMBER QMMM Run:
| QMMM: R.C. Walker, M.F. Crowley and D.A. Case, J. COMP. CHEM. 29:1019, 2008

QMMM: SINGLET STATE CALCULATION
QMMM: RHF CALCULATION, NO. OF DOUBLY OCCUPIED LEVELS = 12

| QMMM: *** Selected Hamiltonian *** 
| QMMM: PM6         
| QMMM: J.J.P. Stewart, J. Mol. Mod., 13, 1173, (2007)
| QMMM: and unpublished corrections

| QMMM: *** Parameter sets in use ***
| QMMM: H : J.J.P. Stewart, J. Mol. Mod., 13, 1173, (2007)
| QMMM: O : J.J.P. Stewart, J. Mol. Mod., 13, 1173, (2007)

| QMMM: *** Diagonalization Routine Information ***
| QMMM: Pseudo diagonalizations are allowed.
| QMMM: Auto diagonalization routine selection is in use.
| QMMM:
| QMMM: Timing diagonalization routines:
| QMMM:                              norbs =       19
| QMMM:    diag iterations used for timing =       20
| QMMM:
| QMMM:              Internal diag routine = 0.000504 seconds
| QMMM:                 Dspev diag routine = 0.000758 seconds
| QMMM:                Dspevd diag routine = 0.000732 seconds
| QMMM:                Dspevx diag routine = 0.002282 seconds
| QMMM:                 Dsyev diag routine = 0.000711 seconds
| QMMM:                Dsyevd diag routine = 0.000739 seconds
| QMMM:                Dsyevr diag routine = 0.000773 seconds
| QMMM:
| QMMM:                Pseudo diag routine = 0.000079 seconds
| QMMM:
| QMMM: Using internal diagonalization routine (diag_routine=1).

| QMMM: Estimated QM Dynamic Memory Usage (per thread)
| QMMM: ---------------------------------------------------
| QMMM:              QM Atom Type Info :          768 bytes
| QMMM:         QM RESP Charge Storage :           80 bytes
| QMMM:            QM Atom Number List :           40 bytes
| QMMM:                Link Atom Pairs :            0 bytes
| QMMM:          QM Atomic Number List :           40 bytes
| QMMM:                QM-MM Pair List :         8204 bytes
| QMMM:                   QM Atom Mask :         4120 bytes
| QMMM:           QM Coordinate Arrays :        66160 bytes
| QMMM:         Scaled MM Charge Array :        16480 bytes
| QMMM:    SCF Mulliken Charge Storage :           80 bytes
| QMMM:                QM Ewald Arrays :        43040 bytes
| QMMM:                QM Force Arrays :        49680 bytes
| QMMM:                 Density Matrix :         1520 bytes
| QMMM:          Density Matrix Copies :         1672 bytes
| QMMM: Fock2 Density Matrix Workspace :         1280 bytes
| QMMM:                    Fock Matrix :         1520 bytes
| QMMM:           Eigen Vector Storage :         2888 bytes
| QMMM: QM-QM Elec Repulsion Integrals :          352 bytes
| QMMM:  QM 2-Elec Repulsion Integrals :         4248 bytes
| QMMM:              1-Electron Matrix :         1520 bytes
| QMMM:       _REAL_ parameter storage :        17680 bytes
| QMMM:      integer parameter storage :          272 bytes
| QMMM:         QM-MM RIJ Eqns storage :        31328 bytes
| QMMM:          _REAL_ Scratch arrays :        75080 bytes
| QMMM:         Integer Scratch arrays :        25472 bytes
| QMMM: ---------------------------------------------------
| QMMM:        Total Dynamic Memory Usage:      0.337 Mb

--------------------------------------------------------------------------------
   4.  RESULTS
--------------------------------------------------------------------------------


 NSTEP =        0   TIME(PS) =       0.000  TEMP(K) =   291.17  PRESS = -2008.4
 Etot   =     -4704.9880  EKtot   =      1787.9301  EPtot      =     -6492.9181
 BOND   =       992.0895  ANGLE   =         0.0000  DIHED      =         0.0000
 1-4 NB =         0.0000  1-4 EEL =         0.0000  VDWAALS    =       907.8816
 EELEC  =     -8248.8857  EHBOND  =         0.0000  RESTRAINT  =         0.0000
 PM6ESCF=      -144.0035
 EKCMT  =       595.8950  VIRIAL  =      1499.8145  VOLUME     =     20845.1139
                                                    Density    =         0.9874
 Ewald error estimate:   0.1699E+00
 ------------------------------------------------------------------------------


 NSTEP =        1   TIME(PS) =       0.001  TEMP(K) =   291.44  PRESS = -2006.5
 Etot   =     -4703.3430  EKtot   =      1789.5751  EPtot      =     -6492.9181
 BOND   =       992.0895  ANGLE   =         0.0000  DIHED      =         0.0000
 1-4 NB =         0.0000  1-4 EEL =         0.0000  VDWAALS    =       907.8816
 EELEC  =     -8248.8857  EHBOND  =         0.0000  RESTRAINT  =         0.0000
 PM6ESCF=      -144.0035
 EKCMT  =       596.7399  VIRIAL  =      1499.8145  VOLUME     =     20845.1139
                                                    Density    =         0.9874
 Ewald error estimate:   0.1699E+00
 ------------------------------------------------------------------------------


 NSTEP =        2   TIME(PS) =       0.002  TEMP(K) =   278.02  PRESS = -1930.5
 Etot   =     -4684.1696  EKtot   =      1707.1338  EPtot      =     -6391.3034
 BOND   =      1075.0993  ANGLE   =         0.0000  DIHED      =         0.0000
 1-4 NB =         0.0000  1-4 EEL =         0.0000  VDWAALS    =       910.0722
 EELEC  =     -8231.6251  EHBOND  =         0.0000  RESTRAINT  =         0.0000
 PM6ESCF=      -144.8499
 EKCMT  =       595.4667  VIRIAL  =      1464.2609  VOLUME     =     20843.2476
                                                    Density    =         0.9875
 Ewald error estimate:   0.1701E+00
 ------------------------------------------------------------------------------


 NSTEP =        3   TIME(PS) =       0.003  TEMP(K) =   267.14  PRESS = -1862.8
 Etot   =     -4677.3814  EKtot   =      1640.3446  EPtot      =     -6317.7261
 BOND   =      1135.5359  ANGLE   =         0.0000  DIHED      =         0.0000
 1-4 NB =         0.0000  1-4 EEL =         0.0000  VDWAALS    =       913.6871
 EELEC  =     -8222.0267  EHBOND  =         0.0000  RESTRAINT  =         0.0000
 PM6ESCF=      -144.9223
 EKCMT  =       593.7957  VIRIAL  =      1432.0303  VOLUME     =     20841.4520
                                                    Density    =         0.9876
 Ewald error estimate:   0.1705E+00
 ------------------------------------------------------------------------------


 NSTEP =        4   TIME(PS) =       0.004  TEMP(K) =   276.77  PRESS = -1800.2
 Etot   =     -4684.8179  EKtot   =      1699.5103  EPtot      =     -6384.3282
 BOND   =      1059.9335  ANGLE   =         0.0000  DIHED      =         0.0000
 1-4 NB =         0.0000  1-4 EEL =         0.0000  VDWAALS    =       918.0169
 EELEC  =     -8217.1680  EHBOND  =         0.0000  RESTRAINT  =         0.0000
 PM6ESCF=      -145.1106
 EKCMT  =       590.7208  VIRIAL  =      1400.7316  VOLUME     =     20839.7196
                                                    Density    =         0.9877
 Ewald error estimate:   0.1708E+00
 ------------------------------------------------------------------------------


 NSTEP =        5   TIME(PS) =       0.005  TEMP(K) =   294.66  PRESS = -1749.9
 Etot   =     -4702.9629  EKtot   =      1809.3611  EPtot      =     -6512.3239
 BOND   =       926.7717  ANGLE   =         0.0000  DIHED      =         0.0000
 1-4 NB =         0.0000  1-4 EEL =         0.0000  VDWAALS    =       922.5241
 EELEC  =     -8216.3289  EHBOND  =         0.0000  RESTRAINT  =         0.0000
 PM6ESCF=      -145.2908
 EKCMT  =       585.1216  VIRIAL  =      1372.4349  VOLUME     =     20838.0455
                                                    Density    =         0.9878
 Ewald error estimate:   0.1707E+00
 ------------------------------------------------------------------------------


      A V E R A G E S   O V E R       5 S T E P S


 NSTEP =        5   TIME(PS) =       0.005  TEMP(K) =   281.61  PRESS = -1870.0
 Etot   =     -4690.5350  EKtot   =      1729.1850  EPtot      =     -6419.7200
 BOND   =      1037.8860  ANGLE   =         0.0000  DIHED      =         0.0000
 1-4 NB =         0.0000  1-4 EEL =         0.0000  VDWAALS    =       914.4364
 EELEC  =     -8227.2069  EHBOND  =         0.0000  RESTRAINT  =         0.0000
 PM6ESCF=      -144.8354
 EKCMT  =       592.3689  VIRIAL  =      1433.8544  VOLUME     =     20841.5157
                                                    Density    =         0.9876
 Ewald error estimate:   0.1704E+00
 ------------------------------------------------------------------------------


      R M S  F L U C T U A T I O N S


 NSTEP =        5   TIME(PS) =       0.005  TEMP(K) =    10.13  PRESS =    91.3
 Etot   =        10.6275  EKtot   =        62.1846  EPtot      =        72.6585
 BOND   =        71.9029  ANGLE   =         0.0000  DIHED      =         0.0000
 1-4 NB =         0.0000  1-4 EEL =         0.0000  VDWAALS    =         5.3066
 EELEC  =        12.1280  EHBOND  =         0.0000  RESTRAINT  =         0.0000
 PM6ESCF=         0.4434
 EKCMT  =         4.1467  VIRIAL  =        45.0513  VOLUME     =         2.4988
                                                    Density    =         0.0001
 Ewald error estimate:   0.3481E-03
 ------------------------------------------------------------------------------


--------------------------------------------------------------------------------
   5.  TIMINGS
--------------------------------------------------------------------------------

|>>>>>>>>PROFILE of Average TIMES>>>>>>>>> 
|    Read coords time           0.00 ( 0.17% of Total)
|                Build the list             0.00 (25.37% of List )
|                Other                      0.00 (74.63% of List )
|             List time                  0.00 (46.06% of Nonbo)
|                   Short_ene time             0.00 (74.43% of Direc)
|                   Other                      0.00 (25.57% of Direc)
|                Direct Ewald time          0.00 (21.65% of Ewald)
|                Adjust Ewald time          0.00 ( 0.44% of Ewald)
|                Self Ewald time            0.00 ( 0.01% of Ewald)
|                   Fill Bspline coeffs        0.00 (11.06% of Recip)
|                   Fill charge grid           0.00 ( 5.20% of Recip)
|                   Scalar sum                 0.00 ( 4.64% of Recip)
|                   Grad sum                   0.00 ( 6.44% of Recip)
|                      FFT back comm time         0.00 (47.81% of FFT t)
|                      Other                      0.00 (52.19% of FFT t)
|                   FFT time                   0.00 (60.53% of Recip)
|                   Other                      0.00 (12.14% of Recip)
|                Recip Ewald time           0.00 (68.14% of Ewald)
|                Force Adjust               0.00 ( 7.69% of Ewald)
|                Virial junk                0.00 ( 1.56% of Ewald)
|                Start synchronizatio       0.00 ( 0.01% of Ewald)
|                Other                      0.00 ( 0.48% of Ewald)
|             Ewald time                 0.01 (53.94% of Nonbo)
|          Nonbond force              0.01 (42.71% of Force)
|                QMMM ewald setup           0.00 ( 0.20% of QMMM )
|                Other                      0.01 (99.80% of QMMM )
|             QMMM setup                 0.01 (58.84% of QMMM )
|             QMMM Ewald KTable          0.00 ( 1.08% of QMMM )
|             QMMM list build            0.00 ( 1.25% of QMMM )
|             QMMM prep coords           0.00 ( 3.63% of QMMM )
|             QMMM RIJ Eqns Calc         0.00 ( 0.23% of QMMM )
|                QMMM hcore calc            0.00 ( 0.81% of QMMM )
|                      QMMM Ewald Contrib         0.00 (28.10% of QMMM )
|                      Other                      0.00 (71.90% of QMMM )
|                   QMMM fock build            0.00 (31.25% of QMMM )
|                   QMMM fock dist             0.00 ( 4.96% of QMMM )
|                   QMMM elec-energy cal       0.00 (19.15% of QMMM )
|                   QMMM full matrix dia       0.00 ( 0.87% of QMMM )
|                   QMMM pseudo matrix d       0.00 ( 0.19% of QMMM )
|                   QMMM density build         0.00 ( 0.08% of QMMM )
|                   QMMM density dist          0.00 (29.23% of QMMM )
|                   Other                      0.00 (14.28% of QMMM )
|                QMMM scf                   0.00 (98.80% of QMMM )
|                QMMM ewald energy          0.00 ( 0.39% of QMMM )
|             QMMM energy                0.00 (31.84% of QMMM )
|             QMMM QM-QM force           0.00 ( 0.23% of QMMM )
|             QMMM QM-MM force           0.00 ( 0.59% of QMMM )
|             QMMM Ewald force           0.00 ( 1.80% of QMMM )
|             QMMM Collate Forces        0.00 ( 0.12% of QMMM )
|             Other                      0.00 ( 0.38% of QMMM )
|          QMMM                       0.01 (54.89% of Force)
|          Bond/Angle/Dihedral        0.00 ( 0.06% of Force)
|          FRC Collect time           0.00 ( 1.95% of Force)
|          Other                      0.00 ( 0.39% of Force)
|       Force time                 0.02 (92.13% of Runmd)
|       Verlet update time         0.00 ( 1.12% of Runmd)
|       Ekcmr time                 0.00 ( 3.65% of Runmd)
|       CRD distribute time        0.00 ( 0.88% of Runmd)
|       Other                      0.00 ( 2.21% of Runmd)
|    Runmd Time                 0.03 (39.45% of Total)
|    Other                      0.04 (60.38% of Total)
| Total time                 0.07 (99.84% of ALL  )

| Number of list builds   :          1

| Highest rstack allocated:      21281
| Highest istack allocated:        508

| Final Performance Info:
| -----------------------------------------------------
| Average timings for all steps:
|     Elapsed(s) =       0.03 Per Step(ms) =       5.47
|         ns/day =      15.78   seconds/ns =    5473.61
| -----------------------------------------------------

|           Job began  at 17:08:55.994  on 03/31/2025
|           Setup done at 17:08:56.035  on 03/31/2025
|           Run   done at 17:08:56.062  on 03/31/2025
|     wallclock() was called    2589 times

|3D-RISM memory allocation summary
|Type          Maximum        Current   
|Integer       0.00000 GB     0.00000 GB
|Real          0.00000 GB     0.00000 GB
|Logical       0.00000 GB     0.00000 GB
|Character     0.00000 GB     0.00000 GB
|---------------------------------------
|Total         0.00000 GB     0.00000 GB
