
          -------------------------------------------------------
          Amber 24 SANDER                              2024
          -------------------------------------------------------

| Run on 03/31/2025 at 17:08:59

|   Executable path: sander.MPI
| Working directory: /home/biophys/QP_exaple/H3O/pacs_q/MDrun/2/5
|          Hostname: Unknown
  [-O]verwriting output

File Assignments:
|  MDIN: ../../../qmmm.in                                                      
| MDOUT: qmmm2_5.out                                                           
|INPCRD: /home/biophys/QP_exaple/H3O/pacs_q/MDrun/1/5/min.rst                  
|  PARM: ../../.././H3O.top                                                    
|RESTRT: qmmm2_5.rst                                                           
|  REFC: /home/biophys/QP_exaple/H3O/pacs_q/MDrun/1/5/min.rst                  
| MDVEL: mdvel                                                                 
| MDFRC: mdfrc                                                                 
|  MDEN: mden                                                                  
| MDCRD: qmmm2_5.nc                                                            
|MDINFO: mdinfo                                                                
|  MTMD: mtmd                                                                  
|INPDIP: inpdip                                                                
|RSTDIP: rstdip                                                                
|INPTRA: inptraj                                                               

|    REMLOG: rem.log
|   REMTYPE: rem.type
|  REMSTRIP: 
|   SAVEENE: saveene
|CLUSTERINF: cluster.info
| RESERVOIR: reserv/frame
|   REMDDIM: 


 Here is the input file:

Short QM/MM simulation                                                         
&cntrl                                                                         
imin=0, nstlim=5,                                                              
ntx=1,                                                                         
irest=0,                                                                       
dt=0.001,                                                                      
ntt=3, tempi=300.0, temp0=300.0,                                               
gamma_ln=2,                                                                    
ntb=2, ntp=1,                                                                  
cut=6.0,                                                                       
ntpr=1,                                                                        
ntwx=1,                                                                        
ntwr=100,                                                                      
iwrap=1,                                                                       
pres0=1.0,                                                                     
barostat=1,                                                                    
ig=-1,                                                                         
ifqnt=1                                                                        
/                                                                              
&qmmm                                                                          
qmmask=':1,151,225',                                                           
qmcharge=1,                                                                    
qm_theory='PM6',                                                               
qmcut=6.0,                                                                     
qmshake=0,                                                                     
writepdb=1,                                                                    
/                                                                              
                                                                               

--------------------------------------------------------------------------------
   1.  RESOURCE   USE: 
--------------------------------------------------------------------------------

| Flags: MPI                                                                    
 getting new box info from bottom of inpcrd
|  INFO: Old style inpcrd file read

| peek_ewald_inpcrd: Box info found
|Largest sphere to fit in unit cell has radius =    13.606
| New format PARM file being parsed.
| Version =    1.000 Date = 03/31/25 Time = 14:08:45
 NATOM  =    2060 NTYPES =       3 NBONH =    2058 MBONA  =       0
 NTHETH =       0 MTHETA =       0 NPHIH =       0 MPHIA  =       0
 NHPARM =       0 NPARM  =       0 NNB   =    2748 NRES   =     687
 NBONA  =       0 NTHETA =       0 NPHIA =       0 NUMBND =       2
 NUMANG =       0 NPTRA  =       0 NATYP =       3 NPHB   =       0
 IFBOX  =       1 NMXRS  =       4 IFCAP =       0 NEXTRA =       0
 NCOPY  =       0


|     Memory Use     Allocated
|     Real              730247
|     Hollerith           6869
|     Integer            66706
|     Max Pairs          39062
|     nblistReal         24720
|     nblist Int        105785
|       Total             6751 kbytes

| Note: 1-4 EEL scale factors are being read from the topology file.

| Note: 1-4 VDW scale factors are being read from the topology file.
| Duplicated    0 dihedrals
| Duplicated    0 dihedrals
LOADING THE QUANTUM ATOMS AS GROUPS
     Mask :1,151,225; matches    10 atoms

     BOX TYPE: RECTILINEAR
Note: ig = -1. Setting random seed to   443803 based on wallclock time in microseconds
      and disabling the synchronization of random numbers between tasks
      to improve performance.

--------------------------------------------------------------------------------
   2.  CONTROL  DATA  FOR  THE  RUN
--------------------------------------------------------------------------------

default_name                                                                    

General flags:
     imin    =       0, nmropt  =       0

Nature and format of input:
     ntx     =       1, irest   =       0, ntrx    =       1

Nature and format of output:
     ntxo    =       2, ntpr    =       1, ntrx    =       1, ntwr    =     100
     iwrap   =       1, ntwx    =       1, ntwv    =       0, ntwe    =       0
     ioutfm  =       1, ntwprt  =       0, idecomp =       0, rbornstat=      0

Potential function:
     ntf     =       1, ntb     =       2, igb     =       0, nsnb    =      25
     ipol    =       0, gbsa    =       0, iesp    =       0
     dielc   =   1.00000, cut     =   6.00000, intdiel =   1.00000

Frozen or restrained atoms:
     ibelly  =       0, ntr     =       0

Molecular dynamics:
     nstlim  =         5, nscm    =      1000, nrespa  =         1
     t       =   0.00000, dt      =   0.00100, vlimit  =  20.00000

Langevin dynamics temperature regulation:
     ig      =  443803
     temp0   = 300.00000, tempi   = 300.00000, gamma_ln=   2.00000

Pressure regulation:
     ntp     =       1
     pres0   =   1.00000, comp    =  44.60000, taup    =   1.00000

Ewald parameters:
     verbose =       0, ew_type =       0, nbflag  =       1, use_pme =       1
     vdwmeth =       1, eedmeth =       1, netfrc  =       1
     Box X =   27.759   Box Y =   27.589   Box Z =   27.211
     Alpha =   90.000   Beta  =   90.000   Gamma =   90.000
     NFFT1 =   30       NFFT2 =   27       NFFT3 =   27
     Cutoff=    6.000   Tol   =0.100E-04
     Ewald Coefficient =  0.47291
     Interpolation order =    4

QMMM options:
             ifqnt = True       nquant =       10
              qmgb =        0  qmcharge =        1   adjust_q =        2
              spin =        1     qmcut =   6.0000    qmshake =        0
          qmmm_int =        1
     lnk_atomic_no =        1   lnk_dis =   1.0900 lnk_method =        1
          qm_theory =     PM6 verbosity =        0
            qmqmdx = Analytical
      tight_p_conv = False (converge density to 0.05xSqrt[SCFCRT])
           scfconv = 0.100E-07  itrmax =     1000
      printcharges = False      printdipole = False      peptide_corr = False
    qmmmrij_incore = True 
  qmqm_erep_incore = True 
       pseudo_diag = True pseudo_diag_criteria =   0.0500
      diag_routine =        0
          qm_ewald =        1 qm_pme = True 
            kmaxqx =    8 kmaxqy =    8 kmaxqz =    8 ksqmaxq =  100

| MPI Timing options:
|      profile_mpi =        0

--------------------------------------------------------------------------------
   3.  ATOMIC COORDINATES AND VELOCITIES
--------------------------------------------------------------------------------

Cpptraj Generated Restart                                                       
 begin time read from input coords =     0.003 ps

 Number of triangulated 3-point waters found:      683
|  Atom division among processors:
|         0      86     173     260     347     434     521     608
|       695     782     869     956    1040    1127    1211    1295
|      1382    1466    1550    1637    1721    1805    1892    1976
|      2060

|QMMM: Running QMMM calculation in parallel mode on   24 threads.
|QMMM: All atom division among threads:
|QMMM:                  Start       End      Count
|QMMM: Thread(   0):        1->      86  (      86)
|QMMM: Thread(   1):       87->     172  (      86)
|QMMM: Thread(   2):      173->     258  (      86)
|QMMM: Thread(   3):      259->     344  (      86)
|QMMM: Thread(   4):      345->     430  (      86)
|QMMM: Thread(   5):      431->     516  (      86)
|QMMM: Thread(   6):      517->     602  (      86)
|QMMM: Thread(   7):      603->     688  (      86)
|QMMM: Thread(   8):      689->     774  (      86)
|QMMM: Thread(   9):      775->     860  (      86)
|QMMM: Thread(  10):      861->     946  (      86)
|QMMM: Thread(  11):      947->    1032  (      86)
|QMMM: Thread(  12):     1033->    1118  (      86)
|QMMM: Thread(  13):     1119->    1204  (      86)
|QMMM: Thread(  14):     1205->    1290  (      86)
|QMMM: Thread(  15):     1291->    1376  (      86)
|QMMM: Thread(  16):     1377->    1462  (      86)
|QMMM: Thread(  17):     1463->    1548  (      86)
|QMMM: Thread(  18):     1549->    1634  (      86)
|QMMM: Thread(  19):     1635->    1720  (      86)
|QMMM: Thread(  20):     1721->    1806  (      86)
|QMMM: Thread(  21):     1807->    1892  (      86)
|QMMM: Thread(  22):     1893->    1978  (      86)
|QMMM: Thread(  23):     1979->    2060  (      82)

|QMMM: Quantum atom + link atom division among threads:
|QMMM:                  Start       End      Count
|QMMM: Thread(   0):        1->       1  (       1)
|QMMM: Thread(   1):        2->       2  (       1)
|QMMM: Thread(   2):        3->       3  (       1)
|QMMM: Thread(   3):        4->       4  (       1)
|QMMM: Thread(   4):        5->       5  (       1)
|QMMM: Thread(   5):        6->       6  (       1)
|QMMM: Thread(   6):        7->       7  (       1)
|QMMM: Thread(   7):        8->       8  (       1)
|QMMM: Thread(   8):        9->       9  (       1)
|QMMM: Thread(   9):       10->      10  (       1)
|QMMM: Thread(  10):       11->      10  (       0)
|QMMM: Thread(  11):       11->      10  (       0)
|QMMM: Thread(  12):       11->      10  (       0)
|QMMM: Thread(  13):       11->      10  (       0)
|QMMM: Thread(  14):       11->      10  (       0)
|QMMM: Thread(  15):       11->      10  (       0)
|QMMM: Thread(  16):       11->      10  (       0)
|QMMM: Thread(  17):       11->      10  (       0)
|QMMM: Thread(  18):       11->      10  (       0)
|QMMM: Thread(  19):       11->      10  (       0)
|QMMM: Thread(  20):       11->      10  (       0)
|QMMM: Thread(  21):       11->      10  (       0)
|QMMM: Thread(  22):       11->      10  (       0)
|QMMM: Thread(  23):       11->      10  (       0)

     Sum of charges from parm topology file =   0.00000000
     Forcing neutrality...
|  Running AMBER/MPI version on   24 nodes

|  WARNING: The number of processors is not a power of 2
|           this may be inefficient on some systems.
QMMM: ADJUSTING CHARGES
QMMM: ----------------------------------------------------------------------
QMMM: adjust_q = 2
QMMM: Uniformly adjusting the charge of MM atoms to conserve total charge.
QMMM:                             qm_charge =    1
QMMM: QM atom RESP charge sum (inc MM link) =    1.000
QMMM: Adjusting each MM atom resp charge by =    0.000
QMMM:          Sum of MM + QM region is now =    0.000
QMMM: ----------------------------------------------------------------------
|  # of SOLUTE  degrees of freedom (RNDFP):    6180.
|  # of SOLVENT degrees of freedom (RNDFS):       0.
|  QMSHAKE_NOSHAKEMASK_OVERLAP =      0
|  NDFMIN =    6180.     NUM_NOSHAKE =      0     CORRECTED RNDFP =    6180.
|  TOTAL # of degrees of freedom (RNDF) =    6180.
 ---------------------------------------------------
 APPROXIMATING switch and d/dx switch using CUBIC SPLINE INTERPOLATION
 using   5000.0 points per unit in tabled values
 TESTING RELATIVE ERROR over r ranging from 0.0 to cutoff
| CHECK switch(x): max rel err =   0.2738E-14   at   2.422500
| CHECK d/dx switch(x): max rel err =   0.8465E-11   at   2.832440
 ---------------------------------------------------
| Local SIZE OF NONBOND LIST =       8499
| TOTAL SIZE OF NONBOND LIST =     215596

|QMMM: KVector division among threads:
|QMMM:                  Start       End      Count
|QMMM: Thread(   0):        1->      80  (      80)
|QMMM: Thread(   1):       81->     160  (      80)
|QMMM: Thread(   2):      161->     240  (      80)
|QMMM: Thread(   3):      241->     320  (      80)
|QMMM: Thread(   4):      321->     400  (      80)
|QMMM: Thread(   5):      401->     480  (      80)
|QMMM: Thread(   6):      481->     560  (      80)
|QMMM: Thread(   7):      561->     640  (      80)
|QMMM: Thread(   8):      641->     720  (      80)
|QMMM: Thread(   9):      721->     800  (      80)
|QMMM: Thread(  10):      801->     880  (      80)
|QMMM: Thread(  11):      881->     960  (      80)
|QMMM: Thread(  12):      961->    1040  (      80)
|QMMM: Thread(  13):     1041->    1120  (      80)
|QMMM: Thread(  14):     1121->    1200  (      80)
|QMMM: Thread(  15):     1201->    1280  (      80)
|QMMM: Thread(  16):     1281->    1360  (      80)
|QMMM: Thread(  17):     1361->    1440  (      80)
|QMMM: Thread(  18):     1441->    1520  (      80)
|QMMM: Thread(  19):     1521->    1600  (      80)
|QMMM: Thread(  20):     1601->    1680  (      80)
|QMMM: Thread(  21):     1681->    1760  (      80)
|QMMM: Thread(  22):     1761->    1840  (      80)
|QMMM: Thread(  23):     1841->    1898  (      58)

QMMM: Link Atom Information
QMMM: ------------------------------------------------------------------------
QMMM: nlink =     0
QMMM: ------------------------------------------------------------------------

  QMMM: QM Region Cartesian Coordinates (*=link atom) 
  QMMM: QM_NO.   MM_NO.  ATOM         X         Y         Z
  QMMM:     1        1      H       -1.1321    0.6032   -1.0818
  QMMM:     2        2      O       -0.9388    0.4710   -2.1118
  QMMM:     3        3      H       -1.2579   -0.4827   -2.4967
  QMMM:     4        4      H       -1.2377    1.2427   -2.6787
  QMMM:     5      450      O       -1.0677    0.1267    0.4561
  QMMM:     6      451      H       -1.8063    0.0308    1.0074
  QMMM:     7      452      H       -0.3039   -0.3239    1.0197
  QMMM:     8      672      O        1.2020   -1.0426    1.8351
  QMMM:     9      673      H        0.8705   -1.2427    2.6787
  QMMM:    10      674      H        1.8063   -0.2152    2.0354

--------------------------------------------------------------------------------
  3.1 QM CALCULATION INFO
--------------------------------------------------------------------------------

| QMMM: Citation for AMBER QMMM Run:
| QMMM: R.C. Walker, M.F. Crowley and D.A. Case, J. COMP. CHEM. 29:1019, 2008

QMMM: SINGLET STATE CALCULATION
QMMM: RHF CALCULATION, NO. OF DOUBLY OCCUPIED LEVELS = 12

| QMMM: *** Selected Hamiltonian *** 
| QMMM: PM6         
| QMMM: J.J.P. Stewart, J. Mol. Mod., 13, 1173, (2007)
| QMMM: and unpublished corrections

| QMMM: *** Parameter sets in use ***
| QMMM: H : J.J.P. Stewart, J. Mol. Mod., 13, 1173, (2007)
| QMMM: O : J.J.P. Stewart, J. Mol. Mod., 13, 1173, (2007)

| QMMM: *** Diagonalization Routine Information ***
| QMMM: Pseudo diagonalizations are allowed.
| QMMM: Auto diagonalization routine selection is in use.
| QMMM:
| QMMM: Timing diagonalization routines:
| QMMM:                              norbs =       19
| QMMM:    diag iterations used for timing =       20
| QMMM:
| QMMM:              Internal diag routine = 0.000508 seconds
| QMMM:                 Dspev diag routine = 0.000754 seconds
| QMMM:                Dspevd diag routine = 0.000744 seconds
| QMMM:                Dspevx diag routine = 0.002331 seconds
| QMMM:                 Dsyev diag routine = 0.000739 seconds
| QMMM:                Dsyevd diag routine = 0.000759 seconds
| QMMM:                Dsyevr diag routine = 0.000777 seconds
| QMMM:
| QMMM:                Pseudo diag routine = 0.000080 seconds
| QMMM:
| QMMM: Using internal diagonalization routine (diag_routine=1).

| QMMM: Estimated QM Dynamic Memory Usage (per thread)
| QMMM: ---------------------------------------------------
| QMMM:              QM Atom Type Info :          768 bytes
| QMMM:         QM RESP Charge Storage :           80 bytes
| QMMM:            QM Atom Number List :           40 bytes
| QMMM:                Link Atom Pairs :            0 bytes
| QMMM:          QM Atomic Number List :           40 bytes
| QMMM:                QM-MM Pair List :         8204 bytes
| QMMM:                   QM Atom Mask :         4120 bytes
| QMMM:           QM Coordinate Arrays :        66160 bytes
| QMMM:         Scaled MM Charge Array :        16480 bytes
| QMMM:    SCF Mulliken Charge Storage :           80 bytes
| QMMM:                QM Ewald Arrays :        43040 bytes
| QMMM:                QM Force Arrays :        49680 bytes
| QMMM:                 Density Matrix :         1520 bytes
| QMMM:          Density Matrix Copies :         1672 bytes
| QMMM: Fock2 Density Matrix Workspace :         1280 bytes
| QMMM:                    Fock Matrix :         1520 bytes
| QMMM:           Eigen Vector Storage :         2888 bytes
| QMMM: QM-QM Elec Repulsion Integrals :          352 bytes
| QMMM:  QM 2-Elec Repulsion Integrals :         4248 bytes
| QMMM:              1-Electron Matrix :         1520 bytes
| QMMM:       _REAL_ parameter storage :        17680 bytes
| QMMM:      integer parameter storage :          272 bytes
| QMMM:         QM-MM RIJ Eqns storage :        31152 bytes
| QMMM:          _REAL_ Scratch arrays :        75080 bytes
| QMMM:         Integer Scratch arrays :        25472 bytes
| QMMM: ---------------------------------------------------
| QMMM:        Total Dynamic Memory Usage:      0.337 Mb

--------------------------------------------------------------------------------
   4.  RESULTS
--------------------------------------------------------------------------------


 NSTEP =        0   TIME(PS) =       0.000  TEMP(K) =   307.23  PRESS = -1831.3
 Etot   =     -4447.1502  EKtot   =      1886.5436  EPtot      =     -6333.6938
 BOND   =      1133.8624  ANGLE   =         0.0000  DIHED      =         0.0000
 1-4 NB =         0.0000  1-4 EEL =         0.0000  VDWAALS    =       916.4730
 EELEC  =     -8247.2302  EHBOND  =         0.0000  RESTRAINT  =         0.0000
 PM6ESCF=      -136.7989
 EKCMT  =       614.0234  VIRIAL  =      1438.0314  VOLUME     =     20839.7280
                                                    Density    =         0.9877
 Ewald error estimate:   0.1707E+00
 ------------------------------------------------------------------------------


 NSTEP =        1   TIME(PS) =       0.001  TEMP(K) =   306.89  PRESS = -1832.8
 Etot   =     -4449.2543  EKtot   =      1884.4394  EPtot      =     -6333.6938
 BOND   =      1133.8624  ANGLE   =         0.0000  DIHED      =         0.0000
 1-4 NB =         0.0000  1-4 EEL =         0.0000  VDWAALS    =       916.4730
 EELEC  =     -8247.2302  EHBOND  =         0.0000  RESTRAINT  =         0.0000
 PM6ESCF=      -136.7989
 EKCMT  =       613.3413  VIRIAL  =      1438.0314  VOLUME     =     20839.7280
                                                    Density    =         0.9877
 Ewald error estimate:   0.1707E+00
 ------------------------------------------------------------------------------


 NSTEP =        2   TIME(PS) =       0.002  TEMP(K) =   300.62  PRESS = -1875.1
 Etot   =     -4437.5048  EKtot   =      1845.9361  EPtot      =     -6283.4409
 BOND   =      1194.3346  ANGLE   =         0.0000  DIHED      =         0.0000
 1-4 NB =         0.0000  1-4 EEL =         0.0000  VDWAALS    =       916.0057
 EELEC  =     -8259.1707  EHBOND  =         0.0000  RESTRAINT  =         0.0000
 PM6ESCF=      -134.6105
 EKCMT  =       613.3822  VIRIAL  =      1457.0284  VOLUME     =     20838.0235
                                                    Density    =         0.9878
 Ewald error estimate:   0.1701E+00
 ------------------------------------------------------------------------------


 NSTEP =        3   TIME(PS) =       0.003  TEMP(K) =   302.33  PRESS = -1899.8
 Etot   =     -4439.3787  EKtot   =      1856.4507  EPtot      =     -6295.8294
 BOND   =      1190.6794  ANGLE   =         0.0000  DIHED      =         0.0000
 1-4 NB =         0.0000  1-4 EEL =         0.0000  VDWAALS    =       915.4808
 EELEC  =     -8267.5808  EHBOND  =         0.0000  RESTRAINT  =         0.0000
 PM6ESCF=      -134.4088
 EKCMT  =       615.4683  VIRIAL  =      1470.1400  VOLUME     =     20836.2799
                                                    Density    =         0.9879
 Ewald error estimate:   0.1692E+00
 ------------------------------------------------------------------------------


 NSTEP =        4   TIME(PS) =       0.004  TEMP(K) =   307.64  PRESS = -1940.8
 Etot   =     -4441.9946  EKtot   =      1889.0153  EPtot      =     -6331.0099
 BOND   =      1166.7213  ANGLE   =         0.0000  DIHED      =         0.0000
 1-4 NB =         0.0000  1-4 EEL =         0.0000  VDWAALS    =       915.0005
 EELEC  =     -8277.6161  EHBOND  =         0.0000  RESTRAINT  =         0.0000
 PM6ESCF=      -135.1157
 EKCMT  =       616.2692  VIRIAL  =      1489.3276  VOLUME     =     20834.5135
                                                    Density    =         0.9879
 Ewald error estimate:   0.1683E+00
 ------------------------------------------------------------------------------


 NSTEP =        5   TIME(PS) =       0.005  TEMP(K) =   312.15  PRESS = -2006.0
 Etot   =     -4442.2696  EKtot   =      1916.7394  EPtot      =     -6359.0090
 BOND   =      1154.1296  ANGLE   =         0.0000  DIHED      =         0.0000
 1-4 NB =         0.0000  1-4 EEL =         0.0000  VDWAALS    =       915.0142
 EELEC  =     -8292.3768  EHBOND  =         0.0000  RESTRAINT  =         0.0000
 PM6ESCF=      -135.7760
 EKCMT  =       618.2526  VIRIAL  =      1520.5551  VOLUME     =     20832.7092
                                                    Density    =         0.9880
 Ewald error estimate:   0.1676E+00
 ------------------------------------------------------------------------------


      A V E R A G E S   O V E R       5 S T E P S


 NSTEP =        5   TIME(PS) =       0.005  TEMP(K) =   305.93  PRESS = -1910.9
 Etot   =     -4442.0804  EKtot   =      1878.5162  EPtot      =     -6320.5966
 BOND   =      1167.9454  ANGLE   =         0.0000  DIHED      =         0.0000
 1-4 NB =         0.0000  1-4 EEL =         0.0000  VDWAALS    =       915.5948
 EELEC  =     -8268.7949  EHBOND  =         0.0000  RESTRAINT  =         0.0000
 PM6ESCF=      -135.3420
 EKCMT  =       615.3427  VIRIAL  =      1475.0165  VOLUME     =     20836.2508
                                                    Density    =         0.9879
 Ewald error estimate:   0.1692E+00
 ------------------------------------------------------------------------------


      R M S  F L U C T U A T I O N S


 NSTEP =        5   TIME(PS) =       0.005  TEMP(K) =     4.09  PRESS =    59.1
 Etot   =         3.9936  EKtot   =        25.1184  EPtot      =        27.3841
 BOND   =        22.6594  ANGLE   =         0.0000  DIHED      =         0.0000
 1-4 NB =         0.0000  1-4 EEL =         0.0000  VDWAALS    =         0.5733
 EELEC  =        15.4470  EHBOND  =         0.0000  RESTRAINT  =         0.0000
 PM6ESCF=         0.8681
 EKCMT  =         1.8542  VIRIAL  =        28.2624  VOLUME     =         2.4817
                                                    Density    =         0.0001
 Ewald error estimate:   0.1141E-02
 ------------------------------------------------------------------------------


--------------------------------------------------------------------------------
   5.  TIMINGS
--------------------------------------------------------------------------------

|>>>>>>>>PROFILE of Average TIMES>>>>>>>>> 
|    Read coords time           0.00 ( 0.13% of Total)
|                Build the list             0.00 (24.70% of List )
|                Other                      0.00 (75.30% of List )
|             List time                  0.00 (45.53% of Nonbo)
|                   Short_ene time             0.00 (74.56% of Direc)
|                   Other                      0.00 (25.44% of Direc)
|                Direct Ewald time          0.00 (21.25% of Ewald)
|                Adjust Ewald time          0.00 ( 0.44% of Ewald)
|                Self Ewald time            0.00 ( 0.02% of Ewald)
|                   Fill Bspline coeffs        0.00 (10.89% of Recip)
|                   Fill charge grid           0.00 ( 5.24% of Recip)
|                   Scalar sum                 0.00 ( 4.75% of Recip)
|                   Grad sum                   0.00 ( 6.39% of Recip)
|                      FFT back comm time         0.00 (46.17% of FFT t)
|                      Other                      0.00 (53.83% of FFT t)
|                   FFT time                   0.00 (60.81% of Recip)
|                   Other                      0.00 (11.92% of Recip)
|                Recip Ewald time           0.00 (68.21% of Ewald)
|                Force Adjust               0.00 ( 7.97% of Ewald)
|                Virial junk                0.00 ( 1.62% of Ewald)
|                Start synchronizatio       0.00 ( 0.01% of Ewald)
|                Other                      0.00 ( 0.47% of Ewald)
|             Ewald time                 0.01 (54.47% of Nonbo)
|          Nonbond force              0.01 (42.38% of Force)
|                QMMM ewald setup           0.00 ( 0.22% of QMMM )
|                Other                      0.01 (99.78% of QMMM )
|             QMMM setup                 0.01 (58.69% of QMMM )
|             QMMM Ewald KTable          0.00 ( 0.99% of QMMM )
|             QMMM list build            0.00 ( 1.22% of QMMM )
|             QMMM prep coords           0.00 ( 3.59% of QMMM )
|             QMMM RIJ Eqns Calc         0.00 ( 0.20% of QMMM )
|                QMMM hcore calc            0.00 ( 0.86% of QMMM )
|                      QMMM Ewald Contrib         0.00 (28.35% of QMMM )
|                      Other                      0.00 (71.65% of QMMM )
|                   QMMM fock build            0.00 (31.39% of QMMM )
|                   QMMM fock dist             0.00 ( 4.72% of QMMM )
|                   QMMM elec-energy cal       0.00 (18.74% of QMMM )
|                   QMMM full matrix dia       0.00 ( 0.93% of QMMM )
|                   QMMM pseudo matrix d       0.00 ( 0.17% of QMMM )
|                   QMMM density build         0.00 ( 0.08% of QMMM )
|                   QMMM density dist          0.00 (30.36% of QMMM )
|                   Other                      0.00 (13.61% of QMMM )
|                QMMM scf                   0.00 (98.71% of QMMM )
|                QMMM ewald energy          0.00 ( 0.43% of QMMM )
|             QMMM energy                0.00 (32.19% of QMMM )
|             QMMM QM-QM force           0.00 ( 0.22% of QMMM )
|             QMMM QM-MM force           0.00 ( 0.62% of QMMM )
|             QMMM Ewald force           0.00 ( 1.76% of QMMM )
|             QMMM Collate Forces        0.00 ( 0.11% of QMMM )
|             Other                      0.00 ( 0.40% of QMMM )
|          QMMM                       0.01 (55.20% of Force)
|          Bond/Angle/Dihedral        0.00 ( 0.05% of Force)
|          FRC Collect time           0.00 ( 2.00% of Force)
|          Other                      0.00 ( 0.37% of Force)
|       Force time                 0.02 (92.17% of Runmd)
|       Verlet update time         0.00 ( 1.08% of Runmd)
|       Ekcmr time                 0.00 ( 3.55% of Runmd)
|       CRD distribute time        0.00 ( 0.89% of Runmd)
|       Other                      0.00 ( 2.31% of Runmd)
|    Runmd Time                 0.03 (53.88% of Total)
|    Other                      0.02 (45.98% of Total)
| Total time                 0.05 (100.0% of ALL  )

| Number of list builds   :          1

| Highest rstack allocated:      21281
| Highest istack allocated:        508

| Final Performance Info:
| -----------------------------------------------------
| Average timings for all steps:
|     Elapsed(s) =       0.03 Per Step(ms) =       5.55
|         ns/day =      15.56   seconds/ns =    5554.01
| -----------------------------------------------------

|           Job began  at 17:08:59.434  on 03/31/2025
|           Setup done at 17:08:59.457  on 03/31/2025
|           Run   done at 17:08:59.485  on 03/31/2025
|     wallclock() was called    2643 times

|3D-RISM memory allocation summary
|Type          Maximum        Current   
|Integer       0.00000 GB     0.00000 GB
|Real          0.00000 GB     0.00000 GB
|Logical       0.00000 GB     0.00000 GB
|Character     0.00000 GB     0.00000 GB
|---------------------------------------
|Total         0.00000 GB     0.00000 GB
