Warning: Assuming 'new.sh' contains cpptraj input.

CPPTRAJ: Trajectory Analysis. V6.24.0 (AmberTools)
    ___  ___  ___  ___
     | \/ | \/ | \/ | 
    _|_/\_|_/\_|_/\_|_

| Date/time: 03/31/25 17:08:54
| Available memory: 14.408 GB

INPUT: Reading input from 'new.sh'
  [parm ../../.././H3O.top]
	Reading '../../.././H3O.top' as Amber Topology
	Radius Set: modified Bondi radii (mbondi)
  [trajin qmmm0_1.nc 4 4 1]
	Reading 'qmmm0_1.nc' as Amber NetCDF
  [trajout min.rst]
	Writing 'min.rst' as Amber Restart
  [go]
---------- RUN BEGIN -------------------------------------------------

PARAMETER FILES (1 total):
 0: H3O.top, 2060 atoms, 687 res, box: Orthorhombic, 687 mol, 685 solvent

INPUT TRAJECTORIES (1 total):
 0: 'qmmm0_1.nc' is a NetCDF (NetCDF3) AMBER trajectory with coordinates, time, box, Parm H3O.top (Orthorhombic box) (reading 1 of 5)
  Coordinate processing will occur on 1 frames.

OUTPUT TRAJECTORIES (1 total):
  'min.rst' (1 frames) is an AMBER restart file

BEGIN TRAJECTORY PROCESSING:
.....................................................
ACTIVE OUTPUT TRAJECTORIES (1):
  min.rst (coordinates, time, box)
----- qmmm0_1.nc (4-4, 1) -----
100% Complete.

Read 1 frames and processed 1 frames.
TIME: Avg. throughput= 772.7975 frames / second.

ACTION OUTPUT:
TIME: Analyses took 0.0000 seconds.

RUN TIMING:
TIME:		Init               : 0.0000 s (  0.36%)
TIME:		Trajectory Process : 0.0013 s ( 92.43%)
TIME:		Action Post        : 0.0000 s (  0.00%)
TIME:		Analysis           : 0.0000 s (  0.00%)
TIME:		Data File Write    : 0.0000 s (  0.07%)
TIME:		Other              : 0.0001 s (  0.07%)
TIME:	Run Total 0.0014 s
---------- RUN END ---------------------------------------------------
TIME: Total execution time: 0.0025 seconds.
--------------------------------------------------------------------------------
To cite CPPTRAJ use:
Daniel R. Roe and Thomas E. Cheatham, III, "PTRAJ and CPPTRAJ: Software for
  Processing and Analysis of Molecular Dynamics Trajectory Data". J. Chem.
  Theory Comput., 2013, 9 (7), pp 3084-3095.

